<?xml version="1.0" encoding="UTF-8" ?>
<testsuite tests="1" failures="0" name="edu.eci.pdsw.AppTest" time="0.004" errors="0" skipped="0">
  <properties>
    <property name="java.vendor" value="IBM Corporation"/>
    <property name="sun.java.launcher" value="SUN_STANDARD"/>
    <property name="os.name" value="Linux"/>
    <property name="sun.boot.class.path" value="/usr/lib/jvm/java-ibm-x86_64-80/jre/lib/amd64/compressedrefs/jclSC180/vm.jar:/usr/lib/jvm/java-ibm-x86_64-80/jre/lib/se-service.jar:/usr/lib/jvm/java-ibm-x86_64-80/jre/lib/math.jar:/usr/lib/jvm/java-ibm-x86_64-80/jre/lib/ibmorb.jar:/usr/lib/jvm/java-ibm-x86_64-80/jre/lib/ibmorbapi.jar:/usr/lib/jvm/java-ibm-x86_64-80/jre/lib/ibmcfw.jar:/usr/lib/jvm/java-ibm-x86_64-80/jre/lib/ibmpkcs.jar:/usr/lib/jvm/java-ibm-x86_64-80/jre/lib/ibmcertpathfw.jar:/usr/lib/jvm/java-ibm-x86_64-80/jre/lib/ibmjgssfw.jar:/usr/lib/jvm/java-ibm-x86_64-80/jre/lib/ibmjssefw.jar:/usr/lib/jvm/java-ibm-x86_64-80/jre/lib/ibmsaslfw.jar:/usr/lib/jvm/java-ibm-x86_64-80/jre/lib/ibmjcefw.jar:/usr/lib/jvm/java-ibm-x86_64-80/jre/lib/ibmjgssprovider.jar:/usr/lib/jvm/java-ibm-x86_64-80/jre/lib/ibmjsseprovider2.jar:/usr/lib/jvm/java-ibm-x86_64-80/jre/lib/ibmcertpathprovider.jar:/usr/lib/jvm/java-ibm-x86_64-80/jre/lib/xmldsigfw.jar:/usr/lib/jvm/java-ibm-x86_64-80/jre/lib/xml.jar:/usr/lib/jvm/java-ibm-x86_64-80/jre/lib/charsets.jar:/usr/lib/jvm/java-ibm-x86_64-80/jre/lib/resources.jar:/usr/lib/jvm/java-ibm-x86_64-80/jre/lib/rt.jar:/usr/lib/jvm/java-ibm-x86_64-80/jre/lib/dataaccess.jar"/>
    <property name="java.vm.specification.vendor" value="Oracle Corporation"/>
    <property name="java.runtime.version" value="8.0.5.22 - pxa6480sr5fp22-20180919_01(SR5 FP22)"/>
    <property name="user.name" value="diego"/>
    <property name="java.compiler" value="j9jit29"/>
    <property name="os.encoding" value="UTF-8"/>
    <property name="guice.disable.misplaced.annotation.check" value="true"/>
    <property name="com.ibm.util.extralibs.properties" value=""/>
    <property name="com.ibm.jcl.checkClassPath" value=""/>
    <property name="user.language" value="es"/>
    <property name="com.ibm.oti.vm.bootstrap.library.path" value="/usr/lib/jvm/java-ibm-x86_64-80/jre/lib/amd64/compressedrefs:/usr/lib/jvm/java-ibm-x86_64-80/jre/lib/amd64"/>
    <property name="sun.boot.library.path" value="/usr/lib/jvm/java-ibm-x86_64-80/jre/lib/amd64/compressedrefs:/usr/lib/jvm/java-ibm-x86_64-80/jre/lib/amd64"/>
    <property name="classworlds.conf" value="/usr/share/maven/bin/m2.conf"/>
    <property name="java.version" value="1.8.0_181"/>
    <property name="user.timezone" value="America/Bogota"/>
    <property name="com.ibm.system.agent.path" value="/usr/lib/jvm/java-ibm-x86_64-80/jre/lib/amd64"/>
    <property name="sun.arch.data.model" value="64"/>
    <property name="com.ibm.zero.version" value="2"/>
    <property name="java.endorsed.dirs" value="/usr/lib/jvm/java-ibm-x86_64-80/jre/lib/endorsed"/>
    <property name="com.ibm.oti.vm.library.version" value="29"/>
    <property name="sun.jnu.encoding" value="UTF-8"/>
    <property name="file.encoding.pkg" value="sun.io"/>
    <property name="file.separator" value="/"/>
    <property name="java.specification.name" value="Java Platform API Specification"/>
    <property name="maven.conf" value="/usr/share/maven/conf"/>
    <property name="java.class.version" value="52.0"/>
    <property name="user.country" value="CO"/>
    <property name="securerandom.source" value="file:/dev/./urandom"/>
    <property name="java.home" value="/usr/lib/jvm/java-ibm-x86_64-80/jre"/>
    <property name="java.vm.info" value="JRE 1.8.0 Linux amd64-64-Bit Compressed References 20180915_397057 (JIT enabled, AOT enabled)
OpenJ9   - 6c152c2
OMR      - 15647c3
IBM      - d734883"/>
    <property name="os.version" value="4.15.0-38-generic"/>
    <property name="java.awt.fonts" value=""/>
    <property name="path.separator" value=":"/>
    <property name="java.vm.version" value="2.9"/>
    <property name="java.util.prefs.PreferencesFactory" value="java.util.prefs.FileSystemPreferencesFactory"/>
    <property name="user.variant" value=""/>
    <property name="java.awt.printerjob" value="sun.print.PSPrinterJob"/>
    <property name="sun.io.unicode.encoding" value="UnicodeLittle"/>
    <property name="awt.toolkit" value="sun.awt.X11.XToolkit"/>
    <property name="ibm.signalhandling.sigint" value="true"/>
    <property name="user.home" value="/home/diego"/>
    <property name="com.ibm.cpu.endian" value="little"/>
    <property name="java.specification.vendor" value="Oracle Corporation"/>
    <property name="ibm.signalhandling.sigchain" value="true"/>
    <property name="library.jansi.path" value="/usr/share/maven/lib/jansi-native"/>
    <property name="java.library.path" value="/usr/lib/jvm/java-ibm-x86_64-80/jre/lib/amd64/compressedrefs:/usr/lib/jvm/java-ibm-x86_64-80/jre/lib/amd64:/usr/lib64:/usr/lib"/>
    <property name="java.vendor.url" value="http://www.ibm.com"/>
    <property name="java.vm.vendor" value="IBM Corporation"/>
    <property name="java.fullversion" value="8.0.5.22 - pxa6480sr5fp22-20180919_01(SR5 FP22)
JRE 1.8.0 Linux amd64-64-Bit Compressed References 20180915_397057 (JIT enabled, AOT enabled)
OpenJ9   - 6c152c2
OMR      - 15647c3
IBM      - d734883"/>
    <property name="maven.home" value="/usr/share/maven"/>
    <property name="java.runtime.name" value="Java(TM) SE Runtime Environment"/>
    <property name="sun.java.command" value="org.codehaus.plexus.classworlds.launcher.Launcher package"/>
    <property name="java.class.path" value="/usr/share/maven/boot/plexus-classworlds-2.x.jar"/>
    <property name="java.vm.specification.name" value="Java Virtual Machine Specification"/>
    <property name="sun.java.launcher.pid" value="3649"/>
    <property name="java.vm.specification.version" value="1.8"/>
    <property name="sun.cpu.endian" value="little"/>
    <property name="java.io.tmpdir" value="/tmp"/>
    <property name="maven.multiModuleProjectDirectory" value="/home/diego/PDSW/Banco_Iniciativas"/>
    <property name="ibm.system.encoding" value="UTF-8"/>
    <property name="os.arch" value="amd64"/>
    <property name="java.awt.graphicsenv" value="sun.awt.X11GraphicsEnvironment"/>
    <property name="ibm.signalhandling.rs" value="false"/>
    <property name="java.ext.dirs" value="/usr/lib/jvm/java-ibm-x86_64-80/jre/lib/ext"/>
    <property name="user.dir" value="/home/diego/PDSW/Banco_Iniciativas"/>
    <property name="line.separator" value="
"/>
    <property name="java.vm.name" value="IBM J9 VM"/>
    <property name="com.ibm.oti.shared.enabled" value="false"/>
    <property name="com.ibm.vm.bitmode" value="64"/>
    <property name="file.encoding" value="UTF-8"/>
    <property name="com.ibm.oti.configuration" value="scar"/>
    <property name="java.specification.version" value="1.8"/>
  </properties>
  <testcase classname="edu.eci.pdsw.AppTest" name="testApp" time="0.004"/>
</testsuite>